2023-11-16 23:34:07,947 [INFO] Activator:176 - 


2023-11-16 23:34:07,952 [INFO] Activator:177 - !SESSION log4j initialized
2023-11-16 23:34:13,727 [INFO] LogOutputStream:77 - [STDOUT_REDIRECT] 
2023-11-16 23:34:15,525 [INFO] ApplicationProperties:184 - Using Application install path: C:\ST\STM32CubeIDE_1.13.2\STM32CubeIDE\plugins\com.st.stm32cube.common.mx_6.9.2.202309101412
2023-11-16 23:34:15,554 [INFO] DbMcusXml:78 - Set database path to: C:\ST\STM32CubeIDE_1.13.2\STM32CubeIDE\plugins\com.st.stm32cube.common.mx_6.9.2.202309101412\\db\/mcu/
2023-11-16 23:34:15,554 [INFO] ApiDb:274 - Set plugin database path to: C:\ST\STM32CubeIDE_1.13.2\STM32CubeIDE\plugins\com.st.stm32cube.common.mx_6.9.2.202309101412\\db\/plugins/boardmanager/
2023-11-16 23:34:15,554 [WARN] ApiDb:259 - Overriding images path with different value:  => C:\ST\STM32CubeIDE_1.13.2\STM32CubeIDE\plugins\com.st.stm32cube.common.mx_6.9.2.202309101412\\db\/plugins/mcufinder/images/
2023-11-16 23:34:15,568 [INFO] ApiDb:250 - Set database path to: C:\Users\Korisnik\.stmcufinder\plugins\mcufinder//mcu/
2023-11-16 23:34:15,569 [INFO] DbMcusAds:125 - Set database path to: C:\Users\Korisnik\.stmcufinder\plugins\mcufinder//mcu/
2023-11-16 23:34:15,574 [INFO] CrossReferenceDbSqlite:203 - Set database path to: C:\Users\Korisnik\.stmcufinder\plugins\mcufinder//mcu/cs/
2023-11-16 23:34:15,730 [INFO] RulesReader:64 - Compatibility file has been processed (293 Rules)
2023-11-16 23:34:15,835 [INFO] DbMcusXml:78 - Set database path to: C:\ST\STM32CubeIDE_1.13.2\STM32CubeIDE\plugins\com.st.stm32cube.common.mx_6.9.2.202309101412\\db\/mcu/
2023-11-16 23:34:15,835 [INFO] ApiDb:274 - Set plugin database path to: C:\ST\STM32CubeIDE_1.13.2\STM32CubeIDE\plugins\com.st.stm32cube.common.mx_6.9.2.202309101412\\db\/plugins/boardmanager/
2023-11-16 23:34:15,835 [INFO] ApiDb:261 - Set plugin images path to: C:\ST\STM32CubeIDE_1.13.2\STM32CubeIDE\plugins\com.st.stm32cube.common.mx_6.9.2.202309101412\\db\/plugins/mcufinder/images/
2023-11-16 23:34:15,836 [WARN] DbFile:41 - Overriding database path with different value: C:\Users\Korisnik\.stmcufinder\plugins\mcufinder/ => C:\Users\Korisnik\.stmcufinder\plugins\mcufinder
2023-11-16 23:34:15,836 [INFO] ApiDb:250 - Set database path to: C:\Users\Korisnik\.stmcufinder\plugins\mcufinder//mcu/
2023-11-16 23:34:15,836 [WARN] DbFile:41 - Overriding database path with different value: C:\Users\Korisnik\.stmcufinder\plugins\mcufinder/ => C:\Users\Korisnik\.stmcufinder\plugins\mcufinder
2023-11-16 23:34:15,836 [INFO] DbMcusAds:125 - Set database path to: C:\Users\Korisnik\.stmcufinder\plugins\mcufinder//mcu/
2023-11-16 23:34:15,836 [WARN] DbFile:41 - Overriding database path with different value: C:\Users\Korisnik\.stmcufinder\plugins\mcufinder/ => C:\Users\Korisnik\.stmcufinder\plugins\mcufinder
2023-11-16 23:34:15,836 [WARN] DbFile:41 - Overriding database path with different value: C:\Users\Korisnik\.stmcufinder\plugins\mcufinder/ => C:\Users\Korisnik\.stmcufinder\plugins\mcufinder
2023-11-16 23:34:15,836 [INFO] CrossReferenceDbSqlite:203 - Set database path to: C:\Users\Korisnik\.stmcufinder\plugins\mcufinder//mcu/cs/
2023-11-16 23:34:15,939 [INFO] MainPanel:262 - HeapMemory: 268435456
2023-11-16 23:34:16,088 [INFO] DbMcusXml:78 - Set database path to: C:\ST\STM32CubeIDE_1.13.2\STM32CubeIDE\plugins\com.st.stm32cube.common.mx_6.9.2.202309101412\\db\/mcu/
2023-11-16 23:34:16,089 [INFO] ApiDb:274 - Set plugin database path to: C:\ST\STM32CubeIDE_1.13.2\STM32CubeIDE\plugins\com.st.stm32cube.common.mx_6.9.2.202309101412\\db\/plugins/boardmanager/
2023-11-16 23:34:16,089 [INFO] ApiDb:261 - Set plugin images path to: C:\ST\STM32CubeIDE_1.13.2\STM32CubeIDE\plugins\com.st.stm32cube.common.mx_6.9.2.202309101412\\db\/plugins/mcufinder/images/
2023-11-16 23:34:16,090 [WARN] DbFile:41 - Overriding database path with different value: C:\Users\Korisnik\.stmcufinder\plugins\mcufinder/ => C:\Users\Korisnik\.stmcufinder\plugins\mcufinder
2023-11-16 23:34:16,090 [INFO] ApiDb:250 - Set database path to: C:\Users\Korisnik\.stmcufinder\plugins\mcufinder//mcu/
2023-11-16 23:34:16,090 [WARN] DbFile:41 - Overriding database path with different value: C:\Users\Korisnik\.stmcufinder\plugins\mcufinder/ => C:\Users\Korisnik\.stmcufinder\plugins\mcufinder
2023-11-16 23:34:16,090 [INFO] DbMcusAds:125 - Set database path to: C:\Users\Korisnik\.stmcufinder\plugins\mcufinder//mcu/
2023-11-16 23:34:16,090 [WARN] DbFile:41 - Overriding database path with different value: C:\Users\Korisnik\.stmcufinder\plugins\mcufinder/ => C:\Users\Korisnik\.stmcufinder\plugins\mcufinder
2023-11-16 23:34:16,090 [WARN] DbFile:41 - Overriding database path with different value: C:\Users\Korisnik\.stmcufinder\plugins\mcufinder/ => C:\Users\Korisnik\.stmcufinder\plugins\mcufinder
2023-11-16 23:34:16,090 [INFO] CrossReferenceDbSqlite:203 - Set database path to: C:\Users\Korisnik\.stmcufinder\plugins\mcufinder//mcu/cs/
2023-11-16 23:34:16,116 [INFO] ApplicationProperties:184 - Using Application install path: C:\ST\STM32CubeIDE_1.13.2\STM32CubeIDE\plugins\com.st.stm32cube.common.mx_6.9.2.202309101412
2023-11-16 23:34:16,118 [INFO] PluginManage:196 - Search for loadable plugins [exclusion list=, ]
2023-11-16 23:34:16,120 [INFO] PluginManage:310 - Check plugin analytics
2023-11-16 23:34:16,326 [INFO] AnalyticsPlugin:253 - Accepted Software Licenses: 
2023-11-16 23:34:16,326 [INFO] AnalyticsPlugin:255 - Accepted CMSIS Pack Licenses: 
2023-11-16 23:34:16,326 [INFO] AnalyticsPlugin:257 - Accepted Firmware Licenses: 
2023-11-16 23:34:16,328 [INFO] PluginManage:359 - Loaded plugin analytics (category:tool,tabindex:-1)
2023-11-16 23:34:16,329 [INFO] PluginManage:310 - Check plugin cadmodel
2023-11-16 23:34:16,344 [INFO] CADModel:105 - Init CAD model plugin
2023-11-16 23:34:16,345 [INFO] PluginManage:359 - Loaded plugin cadmodel (category:power,tabindex:5)
2023-11-16 23:34:16,345 [INFO] PluginManage:310 - Check plugin clock
2023-11-16 23:34:16,366 [INFO] PluginManage:359 - Loaded plugin clock (category:base,tabindex:2)
2023-11-16 23:34:16,366 [INFO] PluginManage:310 - Check plugin ddr
2023-11-16 23:34:16,370 [INFO] PluginManage:359 - Loaded plugin ddr (category:tool,tabindex:6)
2023-11-16 23:34:16,370 [INFO] PluginManage:310 - Check plugin filemanager
2023-11-16 23:34:16,546 [INFO] PluginManage:359 - Loaded plugin filemanager (category:base,tabindex:10)
2023-11-16 23:34:16,546 [INFO] PluginManage:310 - Check plugin ipmanager
2023-11-16 23:34:16,554 [INFO] PluginManage:359 - Loaded plugin ipmanager (category:base,tabindex:5)
2023-11-16 23:34:16,554 [INFO] PluginManage:310 - Check plugin lpbam
2023-11-16 23:34:16,573 [INFO] PluginManage:359 - Loaded plugin lpbam (category:base,tabindex:0)
2023-11-16 23:34:16,573 [INFO] PluginManage:310 - Check plugin memorymap
2023-11-16 23:34:16,601 [INFO] PluginManage:359 - Loaded plugin memorymap (category:base,tabindex:4)
2023-11-16 23:34:16,601 [INFO] PluginManage:310 - Check plugin pinoutandconfiguration
2023-11-16 23:34:16,623 [INFO] PluginManage:359 - Loaded plugin pinoutandconfiguration (category:base,tabindex:1)
2023-11-16 23:34:16,623 [INFO] PluginManage:310 - Check plugin pinoutconfig
2023-11-16 23:34:16,755 [WARN] SupportedApi:132 - Cannot load RTOS API schema: s4s-elt-must-match.1: The content of 'definitions' must match (annotation?, (simpleType | complexType)?, (unique | key | keyref)*)). A problem was found starting at: attribute.
2023-11-16 23:34:16,952 [INFO] PluginManage:359 - Loaded plugin pinoutconfig (category:base,tabindex:0)
2023-11-16 23:34:16,952 [INFO] PluginManage:310 - Check plugin power
2023-11-16 23:34:16,982 [INFO] PluginManage:359 - Loaded plugin power (category:power,tabindex:4)
2023-11-16 23:34:16,982 [INFO] PluginManage:310 - Check plugin projectmanager
2023-11-16 23:34:16,998 [INFO] PluginManage:359 - Loaded plugin projectmanager (category:projectmanager,tabindex:3)
2023-11-16 23:34:16,999 [INFO] PluginManage:310 - Check plugin thirdparty
2023-11-16 23:34:17,354 [INFO] PluginManage:359 - Loaded plugin thirdparty (category:base,tabindex:-1)
2023-11-16 23:34:17,354 [WARN] IntegrityCheckThread:84 - waiting for thirdparty lock release [integrity check]
2023-11-16 23:34:17,355 [INFO] PluginManage:310 - Check plugin tools
2023-11-16 23:34:17,355 [INFO] IntegrityCheckThread:86 - entering critical section [integrity check]
2023-11-16 23:34:17,355 [INFO] ThirdPartyUpdaterWithRetryManager:70 - Updater plugin not ready yet. [1/15]
2023-11-16 23:34:17,397 [INFO] PluginManage:359 - Loaded plugin tools (category:base,tabindex:7)
2023-11-16 23:34:17,397 [INFO] PluginManage:310 - Check plugin tutovideos
2023-11-16 23:34:17,661 [INFO] PluginManage:359 - Loaded plugin tutovideos (category:base,tabindex:-1)
2023-11-16 23:34:17,661 [INFO] PluginManage:310 - Check plugin updater
2023-11-16 23:34:17,675 [INFO] PluginManage:359 - Loaded plugin updater (category:base,tabindex:12)
2023-11-16 23:34:17,675 [INFO] PluginManage:310 - Check plugin userauth
2023-11-16 23:34:17,682 [INFO] UserAuth:113 - Init User Auth plugin
2023-11-16 23:34:17,682 [INFO] PluginManage:359 - Loaded plugin userauth (category:base,tabindex:14)
2023-11-16 23:34:17,682 [INFO] PluginManage:283 - PluginManage : Loaded plugins [17]
2023-11-16 23:34:17,936 [INFO] PinOutPanel:1499 - setPackage(No Configuration,No Configuration)
2023-11-16 23:34:18,034 [INFO] CADModel:165 - CPN selected for project level
2023-11-16 23:34:18,035 [INFO] CADModel:114 - Register for checkConnection events
2023-11-16 23:34:18,057 [INFO] IPUIPlugin:80 - create IPUIPlugin
2023-11-16 23:34:18,057 [INFO] PluginManager:220 - loadIPPluginJar : add adc
2023-11-16 23:34:18,082 [INFO] IPUIPlugin:80 - create IPUIPlugin
2023-11-16 23:34:18,082 [INFO] PluginManager:220 - loadIPPluginJar : add aes
2023-11-16 23:34:18,115 [INFO] IPUIPlugin:80 - create IPUIPlugin
2023-11-16 23:34:18,115 [INFO] PluginManager:220 - loadIPPluginJar : add can
2023-11-16 23:34:18,134 [INFO] IPUIPlugin:80 - create IPUIPlugin
2023-11-16 23:34:18,134 [INFO] PluginManager:220 - loadIPPluginJar : add comp
2023-11-16 23:34:18,160 [INFO] IPUIPlugin:80 - create IPUIPlugin
2023-11-16 23:34:18,160 [INFO] PluginManager:220 - loadIPPluginJar : add cryp
2023-11-16 23:34:18,181 [INFO] IPUIPlugin:80 - create IPUIPlugin
2023-11-16 23:34:18,181 [INFO] PluginManager:220 - loadIPPluginJar : add dfsdm
2023-11-16 23:34:18,194 [INFO] IPUIPlugin:80 - create IPUIPlugin
2023-11-16 23:34:18,194 [INFO] PluginManager:220 - loadIPPluginJar : add dma
2023-11-16 23:34:18,225 [INFO] IPUIPlugin:80 - create IPUIPlugin
2023-11-16 23:34:18,225 [INFO] PluginManager:220 - loadIPPluginJar : add dma3
2023-11-16 23:34:18,241 [INFO] IPUIPlugin:80 - create IPUIPlugin
2023-11-16 23:34:18,241 [INFO] PluginManager:220 - loadIPPluginJar : add fatfs
2023-11-16 23:34:18,273 [INFO] IPUIPlugin:80 - create IPUIPlugin
2023-11-16 23:34:18,274 [INFO] PluginManager:220 - loadIPPluginJar : add fmc
2023-11-16 23:34:18,284 [INFO] IPUIPlugin:80 - create IPUIPlugin
2023-11-16 23:34:18,284 [INFO] PluginManager:220 - loadIPPluginJar : add freertos
2023-11-16 23:34:18,300 [INFO] IPUIPlugin:80 - create IPUIPlugin
2023-11-16 23:34:18,300 [INFO] PluginManager:220 - loadIPPluginJar : add genericplugin
2023-11-16 23:34:18,366 [INFO] IPUIPlugin:80 - create IPUIPlugin
2023-11-16 23:34:18,366 [INFO] PluginManager:220 - loadIPPluginJar : add gfxmmu
2023-11-16 23:34:18,489 [INFO] IPUIPlugin:80 - create IPUIPlugin
2023-11-16 23:34:18,490 [INFO] PluginManager:220 - loadIPPluginJar : add gic
2023-11-16 23:34:18,507 [INFO] IPUIPlugin:80 - create IPUIPlugin
2023-11-16 23:34:18,507 [INFO] PluginManager:220 - loadIPPluginJar : add gpio
2023-11-16 23:34:18,613 [INFO] IPUIPlugin:80 - create IPUIPlugin
2023-11-16 23:34:18,613 [INFO] PluginManager:220 - loadIPPluginJar : add gtzc
2023-11-16 23:34:18,659 [INFO] IPUIPlugin:80 - create IPUIPlugin
2023-11-16 23:34:18,659 [INFO] PluginManager:220 - loadIPPluginJar : add hash
2023-11-16 23:34:18,718 [INFO] IPUIPlugin:80 - create IPUIPlugin
2023-11-16 23:34:18,718 [INFO] PluginManager:220 - loadIPPluginJar : add i2c
2023-11-16 23:34:18,767 [INFO] IPUIPlugin:80 - create IPUIPlugin
2023-11-16 23:34:18,767 [INFO] PluginManager:220 - loadIPPluginJar : add i2s
2023-11-16 23:34:18,817 [INFO] IPUIPlugin:80 - create IPUIPlugin
2023-11-16 23:34:18,817 [INFO] PluginManager:220 - loadIPPluginJar : add i3c
2023-11-16 23:34:18,909 [INFO] IPUIPlugin:80 - create IPUIPlugin
2023-11-16 23:34:18,909 [INFO] PluginManager:220 - loadIPPluginJar : add ipddr
2023-11-16 23:34:18,980 [INFO] IPUIPlugin:80 - create IPUIPlugin
2023-11-16 23:34:18,980 [INFO] PluginManager:220 - loadIPPluginJar : add linkedlist
2023-11-16 23:34:19,005 [INFO] IPUIPlugin:80 - create IPUIPlugin
2023-11-16 23:34:19,006 [INFO] PluginManager:220 - loadIPPluginJar : add lorawan
2023-11-16 23:34:19,033 [INFO] IPUIPlugin:80 - create IPUIPlugin
2023-11-16 23:34:19,033 [INFO] PluginManager:220 - loadIPPluginJar : add ltdc
2023-11-16 23:34:19,045 [INFO] IPUIPlugin:80 - create IPUIPlugin
2023-11-16 23:34:19,045 [INFO] PluginManager:220 - loadIPPluginJar : add mdma
2023-11-16 23:34:19,055 [INFO] IPUIPlugin:80 - create IPUIPlugin
2023-11-16 23:34:19,055 [INFO] PluginManager:220 - loadIPPluginJar : add nvic
2023-11-16 23:34:19,081 [INFO] IPUIPlugin:80 - create IPUIPlugin
2023-11-16 23:34:19,081 [INFO] PluginManager:220 - loadIPPluginJar : add opamp
2023-11-16 23:34:19,125 [INFO] IPUIPlugin:80 - create IPUIPlugin
2023-11-16 23:34:19,125 [INFO] PluginManager:220 - loadIPPluginJar : add openamp
2023-11-16 23:34:19,157 [INFO] IPUIPlugin:80 - create IPUIPlugin
2023-11-16 23:34:19,157 [INFO] PluginManager:220 - loadIPPluginJar : add pdm2pcm
2023-11-16 23:34:19,169 [INFO] IPUIPlugin:80 - create IPUIPlugin
2023-11-16 23:34:19,171 [INFO] PluginManager:220 - loadIPPluginJar : add plateformsettings
2023-11-16 23:34:19,188 [INFO] IPUIPlugin:80 - create IPUIPlugin
2023-11-16 23:34:19,188 [INFO] PluginManager:220 - loadIPPluginJar : add quadspi
2023-11-16 23:34:19,198 [INFO] IPUIPlugin:80 - create IPUIPlugin
2023-11-16 23:34:19,198 [INFO] PluginManager:220 - loadIPPluginJar : add resmgrutility
2023-11-16 23:34:19,234 [INFO] IPUIPlugin:80 - create IPUIPlugin
2023-11-16 23:34:19,234 [INFO] PluginManager:220 - loadIPPluginJar : add sai
2023-11-16 23:34:19,262 [INFO] IPUIPlugin:80 - create IPUIPlugin
2023-11-16 23:34:19,262 [INFO] PluginManager:220 - loadIPPluginJar : add spi
2023-11-16 23:34:19,306 [INFO] IPUIPlugin:80 - create IPUIPlugin
2023-11-16 23:34:19,306 [INFO] PluginManager:220 - loadIPPluginJar : add stm32_wpan
2023-11-16 23:34:19,324 [INFO] IPUIPlugin:80 - create IPUIPlugin
2023-11-16 23:34:19,324 [INFO] PluginManager:220 - loadIPPluginJar : add tim
2023-11-16 23:34:19,367 [INFO] IPUIPlugin:80 - create IPUIPlugin
2023-11-16 23:34:19,368 [INFO] PluginManager:220 - loadIPPluginJar : add touchsensing
2023-11-16 23:34:19,386 [INFO] IPUIPlugin:80 - create IPUIPlugin
2023-11-16 23:34:19,386 [INFO] PluginManager:220 - loadIPPluginJar : add tracer_emb
2023-11-16 23:34:19,404 [INFO] IPUIPlugin:80 - create IPUIPlugin
2023-11-16 23:34:19,404 [INFO] PluginManager:220 - loadIPPluginJar : add ts
2023-11-16 23:34:19,421 [INFO] IPUIPlugin:80 - create IPUIPlugin
2023-11-16 23:34:19,421 [INFO] PluginManager:220 - loadIPPluginJar : add tsc
2023-11-16 23:34:19,442 [INFO] IPUIPlugin:80 - create IPUIPlugin
2023-11-16 23:34:19,442 [INFO] PluginManager:220 - loadIPPluginJar : add ucpd
2023-11-16 23:34:19,482 [INFO] IPUIPlugin:80 - create IPUIPlugin
2023-11-16 23:34:19,483 [INFO] PluginManager:220 - loadIPPluginJar : add usart
2023-11-16 23:34:19,517 [INFO] IPUIPlugin:80 - create IPUIPlugin
2023-11-16 23:34:19,517 [INFO] PluginManager:220 - loadIPPluginJar : add usbx
2023-11-16 23:34:19,629 [INFO] CADModel:165 - CPN selected for project level
2023-11-16 23:34:19,629 [INFO] CADModel:114 - Register for checkConnection events
2023-11-16 23:34:19,629 [FATAL] Updater:308 - Updater called before beeing initialized
2023-11-16 23:34:19,629 [ERROR] CADModel:125 - Updater not yet initialized, retry later 
2023-11-16 23:34:19,752 [INFO] CADModel:165 - CPN selected for project level
2023-11-16 23:34:19,752 [INFO] CADModel:114 - Register for checkConnection events
2023-11-16 23:34:19,752 [FATAL] Updater:308 - Updater called before beeing initialized
2023-11-16 23:34:19,752 [ERROR] CADModel:125 - Updater not yet initialized, retry later 
2023-11-16 23:34:19,756 [FATAL] Updater:308 - Updater called before beeing initialized
2023-11-16 23:34:19,857 [FATAL] Updater:308 - Updater called before beeing initialized
2023-11-16 23:34:19,867 [INFO] DbMcusAds:53 - JSON generation date=Tue Mar 07 09:50:55 CET 2023 (1678179055335)
2023-11-16 23:34:19,868 [FATAL] Updater:308 - Updater called before beeing initialized
2023-11-16 23:34:19,932 [WARN] DetailPanel:346 - Failed to get advertising image, set to default
2023-11-16 23:34:20,004 [FATAL] Updater:308 - Updater called before beeing initialized
2023-11-16 23:34:20,007 [FATAL] Updater:308 - Updater called before beeing initialized
2023-11-16 23:34:20,007 [FATAL] Updater:308 - Updater called before beeing initialized
2023-11-16 23:34:20,007 [WARN] DetailPanel:346 - Failed to get advertising image, set to default
2023-11-16 23:34:20,007 [FATAL] Updater:308 - Updater called before beeing initialized
2023-11-16 23:34:20,052 [ERROR] Updater:1120 - MainUpdater not yet initialized. External WinMGr cannot be set.
2023-11-16 23:34:20,060 [INFO] Updater:1056 - Updater Version found : 6.9.2
2023-11-16 23:34:20,076 [INFO] ApplicationProperties:184 - Using Application install path: C:\ST\STM32CubeIDE_1.13.2\STM32CubeIDE\plugins\com.st.stm32cube.common.mx_6.9.2.202309101412
2023-11-16 23:34:20,356 [INFO] ThirdPartyUpdaterWithRetryManager:70 - Updater plugin not ready yet. [2/15]
2023-11-16 23:34:20,394 [INFO] MainUpdater:2868 - connection check result : 10
2023-11-16 23:34:20,395 [INFO] MainUpdater:285 - Updater Check For Update Now.
2023-11-16 23:34:20,395 [INFO] MicroXplorer:498 - Change Database Version : DB.6.0.92
2023-11-16 23:34:20,412 [INFO] McuFinderGlobals:63 - Set McuFinder mode to 2 (CubeIDE integrated)
2023-11-16 23:34:20,594 [INFO] CheckServerUpdateThread:120 - End of CheckServer Thread
2023-11-16 23:34:23,469 [WARN] PackLoader:240 - Cannot read IP mode file for STMicroelectronics.X-CUBE-SMBUS.2.1.0
2023-11-16 23:34:23,518 [WARN] PackLoader:240 - Cannot read IP mode file for STMicroelectronics.X-CUBE-AZRTOS-F7.1.1.0
2023-11-16 23:34:23,539 [WARN] PackLoader:240 - Cannot read IP mode file for STMicroelectronics.FP-SNS-MOTENV1.4.3.2
2023-11-16 23:34:23,553 [WARN] PackLoader:240 - Cannot read IP mode file for STMicroelectronics.FP-SNS-FLIGHT1.5.0.2
2023-11-16 23:34:23,570 [WARN] PackLoader:240 - Cannot read IP mode file for STMicroelectronics.X-CUBE-DISPLAY.3.0.0
2023-11-16 23:34:23,593 [WARN] PackLoader:240 - Cannot read IP mode file for STMicroelectronics.X-CUBE-BLE1.7.0.0
2023-11-16 23:34:23,604 [WARN] PackLoader:240 - Cannot read IP mode file for emotas.I-CUBE-CANOPEN.1.3.0
2023-11-16 23:34:23,617 [WARN] PackLoader:240 - Cannot read IP mode file for STMicroelectronics.X-CUBE-TOUCHGFX.4.22.1
2023-11-16 23:34:23,631 [WARN] PackLoader:240 - Cannot read IP mode file for STMicroelectronics.FP-SNS-SMARTAG2.1.2.0
2023-11-16 23:34:23,652 [INFO] LogOutputStream:77 - [STDOUT_REDIRECT] 1 : Invalid condition id : UX_CORESTACK_Condition cause : null
2023-11-16 23:34:23,652 [INFO] LogOutputStream:77 - [STDOUT_REDIRECT] 1 : Invalid condition id : UX_CORESTACK_Condition cause : null
2023-11-16 23:34:23,653 [INFO] LogOutputStream:77 - [STDOUT_REDIRECT] 1 : Invalid condition id : UX_CORESTACK_Condition cause : null
2023-11-16 23:34:23,655 [INFO] LogOutputStream:77 - [STDOUT_REDIRECT] 1 : Invalid condition id : UX_CORESTACK_Condition cause : null
2023-11-16 23:34:23,655 [INFO] LogOutputStream:77 - [STDOUT_REDIRECT] 1 : Invalid condition id : UX_CORESTACK_Condition cause : null
2023-11-16 23:34:23,659 [WARN] PackLoader:240 - Cannot read IP mode file for STMicroelectronics.X-CUBE-AZRTOS-WL.2.0.0
2023-11-16 23:34:23,673 [WARN] PackLoader:240 - Cannot read IP mode file for WES.I-CUBE-Cesium.1.3.0
2023-11-16 23:34:23,686 [WARN] PackLoader:240 - Cannot read IP mode file for STMicroelectronics.X-CUBE-BLE2.3.3.0
2023-11-16 23:34:23,701 [WARN] PackLoader:240 - Cannot read IP mode file for STMicroelectronics.X-CUBE-ALGOBUILD.1.3.0
2023-11-16 23:34:23,726 [WARN] PackLoader:240 - Cannot read IP mode file for STMicroelectronics.X-CUBE-AZRTOS-G0.1.1.0
2023-11-16 23:34:23,743 [WARN] PackLoader:240 - Cannot read IP mode file for STMicroelectronics.X-CUBE-NFC4.3.0.0
2023-11-16 23:34:23,760 [WARN] PackLoader:240 - Cannot read IP mode file for STMicroelectronics.X-CUBE-BLEMGR.3.0.0
2023-11-16 23:34:23,772 [WARN] PackLoader:240 - Cannot read IP mode file for STMicroelectronics.FP-ATR-SIGFOX1.3.2.0
2023-11-16 23:34:23,811 [WARN] PackLoader:240 - Cannot read IP mode file for SEGGER.I-CUBE-embOS.1.3.1
2023-11-16 23:34:23,856 [WARN] PackLoader:240 - Cannot read IP mode file for STMicroelectronics.X-CUBE-GNSS1.6.0.0
2023-11-16 23:34:23,882 [WARN] PackLoader:240 - Cannot read IP mode file for STMicroelectronics.X-CUBE-AZRTOS-F4.1.1.0
2023-11-16 23:34:23,897 [WARN] PackLoader:240 - Cannot read IP mode file for wolfSSL.I-CUBE-wolfSSL.5.6.3
2023-11-16 23:34:23,923 [WARN] PackLoader:240 - Cannot read IP mode file for STMicroelectronics.X-CUBE-AZRTOS-L5.2.0.0
2023-11-16 23:34:23,937 [WARN] PackLoader:240 - Cannot read IP mode file for STMicroelectronics.X-CUBE-EEPRMA1.4.2.0
2023-11-16 23:34:23,949 [WARN] PackLoader:240 - Cannot read IP mode file for ITTIA_DB.I-CUBE-ITTIADB.8.8.0
2023-11-16 23:34:23,960 [WARN] PackLoader:240 - Cannot read IP mode file for STMicroelectronics.X-CUBE-BLEMGR.2.0.0
2023-11-16 23:34:23,983 [WARN] ConditionMgr:438 - getConditionDescription Invalid condition id : UX DEVICE CLASS RTOS Condition cause : null
2023-11-16 23:34:23,983 [WARN] ConditionMgr:438 - getConditionDescription Invalid condition id : UX DEVICE CLASS RTOS Condition cause : null
2023-11-16 23:34:23,985 [WARN] PackLoader:240 - Cannot read IP mode file for STMicroelectronics.X-CUBE-AZRTOS-H7.3.1.0
2023-11-16 23:34:23,986 [WARN] ConditionMgr:1039 - genDependencies : Invalid condition id : UX DEVICE CLASS RTOS Condition cause : null
2023-11-16 23:34:23,986 [WARN] ConditionMgr:1039 - genDependencies : Invalid condition id : UX DEVICE CLASS RTOS Condition cause : null
2023-11-16 23:34:23,986 [WARN] ConditionMgr:1039 - genDependencies : Invalid condition id : UX DEVICE CLASS RTOS Condition cause : null
2023-11-16 23:34:23,987 [WARN] ConditionMgr:1039 - genDependencies : Invalid condition id : UX DEVICE CLASS RTOS Condition cause : null
2023-11-16 23:34:23,987 [WARN] ConditionMgr:1039 - genDependencies : Invalid condition id : UX DEVICE CLASS RTOS Condition cause : null
2023-11-16 23:34:23,998 [WARN] PackLoader:240 - Cannot read IP mode file for STMicroelectronics.X-CUBE-NFC7.1.0.1
2023-11-16 23:34:24,012 [WARN] PackLoader:240 - Cannot read IP mode file for STMicroelectronics.X-CUBE-NFC6.3.0.0
2023-11-16 23:34:24,025 [WARN] PackLoader:240 - Cannot read IP mode file for STMicroelectronics.X-CUBE-EEPRMA1.4.1.0
2023-11-16 23:34:24,038 [WARN] PackLoader:240 - Cannot read IP mode file for STMicroelectronics.X-CUBE-AI.8.1.0
2023-11-16 23:34:24,073 [WARN] ConditionMgr:438 - getConditionDescription Invalid condition id : LAN8742 Phy interface Condition cause : null
2023-11-16 23:34:24,073 [WARN] PackLoader:240 - Cannot read IP mode file for STMicroelectronics.X-CUBE-AZRTOS-L4.2.0.0
2023-11-16 23:34:24,075 [WARN] ConditionMgr:1039 - genDependencies : Invalid condition id : LAN8742 Phy interface Condition cause : null
2023-11-16 23:34:24,075 [WARN] ConditionMgr:1039 - genDependencies : Invalid condition id : LAN8742 Phy interface Condition cause : null
2023-11-16 23:34:24,075 [WARN] ConditionMgr:1039 - genDependencies : Invalid condition id : LAN8742 Phy interface Condition cause : null
2023-11-16 23:34:24,092 [WARN] PackLoader:240 - Cannot read IP mode file for STMicroelectronics.X-CUBE-SFXS2LP1.4.0.0
2023-11-16 23:34:24,107 [WARN] PackLoader:240 - Cannot read IP mode file for STMicroelectronics.X-CUBE-ISPU.1.1.0
2023-11-16 23:34:24,146 [WARN] ConditionMgr:438 - getConditionDescription Invalid condition id : UX DEVICE CLASS RTOS Condition cause : null
2023-11-16 23:34:24,147 [WARN] ConditionMgr:438 - getConditionDescription Invalid condition id : UX DEVICE CLASS RTOS Condition cause : null
2023-11-16 23:34:24,149 [WARN] PackLoader:240 - Cannot read IP mode file for STMicroelectronics.X-CUBE-AZRTOS-WB.2.0.0
2023-11-16 23:34:24,150 [WARN] ConditionMgr:1039 - genDependencies : Invalid condition id : UX DEVICE CLASS RTOS Condition cause : null
2023-11-16 23:34:24,150 [WARN] ConditionMgr:1039 - genDependencies : Invalid condition id : UX DEVICE CLASS RTOS Condition cause : null
2023-11-16 23:34:24,150 [WARN] ConditionMgr:1039 - genDependencies : Invalid condition id : UX DEVICE CLASS RTOS Condition cause : null
2023-11-16 23:34:24,150 [WARN] ConditionMgr:1039 - genDependencies : Invalid condition id : UX DEVICE CLASS RTOS Condition cause : null
2023-11-16 23:34:24,150 [WARN] ConditionMgr:1039 - genDependencies : Invalid condition id : UX DEVICE CLASS RTOS Condition cause : null
2023-11-16 23:34:24,173 [WARN] PackLoader:240 - Cannot read IP mode file for STMicroelectronics.X-CUBE-SUBG2.5.0.0
2023-11-16 23:34:24,198 [WARN] PackLoader:240 - Cannot read IP mode file for STMicroelectronics.X-CUBE-TOF1.3.3.1
2023-11-16 23:34:24,227 [WARN] PackLoader:240 - Cannot read IP mode file for STMicroelectronics.X-CUBE-AZRTOS-G4.2.0.0
2023-11-16 23:34:24,249 [WARN] PackLoader:240 - Cannot read IP mode file for Infineon.AIROC-Wi-Fi-Bluetooth-STM32.1.5.1
2023-11-16 23:34:24,261 [WARN] PackLoader:240 - Cannot read IP mode file for STMicroelectronics.FP-SNS-MOTENVWB1.1.3.0
2023-11-16 23:34:24,300 [WARN] PackLoader:240 - Cannot read IP mode file for STMicroelectronics.X-CUBE-MEMS1.10.0.0
2023-11-16 23:34:24,390 [WARN] PackLoader:240 - Cannot read IP mode file for STMicroelectronics.X-CUBE-FREERTOS.1.1.0
2023-11-16 23:34:24,400 [WARN] PackLoader:240 - Cannot read IP mode file for portGmbH.I-Cube-SoM-uGOAL.1.1.0
2023-11-16 23:34:24,410 [WARN] PackLoader:240 - Cannot read IP mode file for STMicroelectronics.X-CUBE-ALS.1.0.1
2023-11-16 23:34:24,423 [WARN] PackLoader:240 - Cannot read IP mode file for STMicroelectronics.FP-ATR-ASTRA1.2.0.0
2023-11-16 23:34:24,424 [INFO] ThirdParty:978 - Integrity check success = true
2023-11-16 23:34:24,424 [INFO] IntegrityCheckThread:100 - exiting critical section [integrity check]
2023-11-16 23:34:24,424 [INFO] IntegrityCheckThread:103 - End integrity checks thread
2023-11-16 23:34:41,477 [ERROR] LogOutputStream:75 - [STDERR_REDIRECT] SLF4J: Failed to load class "org.slf4j.impl.StaticLoggerBinder".
2023-11-16 23:34:41,477 [ERROR] LogOutputStream:75 - [STDERR_REDIRECT] SLF4J: Defaulting to no-operation (NOP) logger implementation
2023-11-16 23:34:41,478 [ERROR] LogOutputStream:75 - [STDERR_REDIRECT] SLF4J: See http://www.slf4j.org/codes.html#StaticLoggerBinder for further details.
