2023-11-15 05:12:55,942 [INFO] Activator:176 - 


2023-11-15 05:12:55,958 [INFO] Activator:177 - !SESSION log4j initialized
2023-11-15 05:13:01,202 [INFO] LogOutputStream:77 - [STDOUT_REDIRECT] 
2023-11-15 05:13:02,564 [INFO] ApplicationProperties:184 - Using Application install path: C:\ST\STM32CubeIDE_1.13.2\STM32CubeIDE\plugins\com.st.stm32cube.common.mx_6.9.2.202309101412
2023-11-15 05:13:02,583 [INFO] DbMcusXml:78 - Set database path to: C:\ST\STM32CubeIDE_1.13.2\STM32CubeIDE\plugins\com.st.stm32cube.common.mx_6.9.2.202309101412\\db\/mcu/
2023-11-15 05:13:02,583 [INFO] ApiDb:274 - Set plugin database path to: C:\ST\STM32CubeIDE_1.13.2\STM32CubeIDE\plugins\com.st.stm32cube.common.mx_6.9.2.202309101412\\db\/plugins/boardmanager/
2023-11-15 05:13:02,584 [WARN] ApiDb:259 - Overriding images path with different value:  => C:\ST\STM32CubeIDE_1.13.2\STM32CubeIDE\plugins\com.st.stm32cube.common.mx_6.9.2.202309101412\\db\/plugins/mcufinder/images/
2023-11-15 05:13:02,595 [INFO] ApiDb:250 - Set database path to: C:\Users\Korisnik\.stmcufinder\plugins\mcufinder//mcu/
2023-11-15 05:13:02,596 [INFO] DbMcusAds:125 - Set database path to: C:\Users\Korisnik\.stmcufinder\plugins\mcufinder//mcu/
2023-11-15 05:13:02,598 [INFO] CrossReferenceDbSqlite:203 - Set database path to: C:\Users\Korisnik\.stmcufinder\plugins\mcufinder//mcu/cs/
2023-11-15 05:13:02,691 [INFO] RulesReader:64 - Compatibility file has been processed (293 Rules)
2023-11-15 05:13:02,763 [INFO] DbMcusXml:78 - Set database path to: C:\ST\STM32CubeIDE_1.13.2\STM32CubeIDE\plugins\com.st.stm32cube.common.mx_6.9.2.202309101412\\db\/mcu/
2023-11-15 05:13:02,763 [INFO] ApiDb:274 - Set plugin database path to: C:\ST\STM32CubeIDE_1.13.2\STM32CubeIDE\plugins\com.st.stm32cube.common.mx_6.9.2.202309101412\\db\/plugins/boardmanager/
2023-11-15 05:13:02,763 [INFO] ApiDb:261 - Set plugin images path to: C:\ST\STM32CubeIDE_1.13.2\STM32CubeIDE\plugins\com.st.stm32cube.common.mx_6.9.2.202309101412\\db\/plugins/mcufinder/images/
2023-11-15 05:13:02,763 [WARN] DbFile:41 - Overriding database path with different value: C:\Users\Korisnik\.stmcufinder\plugins\mcufinder/ => C:\Users\Korisnik\.stmcufinder\plugins\mcufinder
2023-11-15 05:13:02,763 [INFO] ApiDb:250 - Set database path to: C:\Users\Korisnik\.stmcufinder\plugins\mcufinder//mcu/
2023-11-15 05:13:02,763 [WARN] DbFile:41 - Overriding database path with different value: C:\Users\Korisnik\.stmcufinder\plugins\mcufinder/ => C:\Users\Korisnik\.stmcufinder\plugins\mcufinder
2023-11-15 05:13:02,764 [INFO] DbMcusAds:125 - Set database path to: C:\Users\Korisnik\.stmcufinder\plugins\mcufinder//mcu/
2023-11-15 05:13:02,764 [WARN] DbFile:41 - Overriding database path with different value: C:\Users\Korisnik\.stmcufinder\plugins\mcufinder/ => C:\Users\Korisnik\.stmcufinder\plugins\mcufinder
2023-11-15 05:13:02,764 [WARN] DbFile:41 - Overriding database path with different value: C:\Users\Korisnik\.stmcufinder\plugins\mcufinder/ => C:\Users\Korisnik\.stmcufinder\plugins\mcufinder
2023-11-15 05:13:02,764 [INFO] CrossReferenceDbSqlite:203 - Set database path to: C:\Users\Korisnik\.stmcufinder\plugins\mcufinder//mcu/cs/
2023-11-15 05:13:02,835 [INFO] MainPanel:262 - HeapMemory: 268435456
2023-11-15 05:13:02,924 [INFO] DbMcusXml:78 - Set database path to: C:\ST\STM32CubeIDE_1.13.2\STM32CubeIDE\plugins\com.st.stm32cube.common.mx_6.9.2.202309101412\\db\/mcu/
2023-11-15 05:13:02,924 [INFO] ApiDb:274 - Set plugin database path to: C:\ST\STM32CubeIDE_1.13.2\STM32CubeIDE\plugins\com.st.stm32cube.common.mx_6.9.2.202309101412\\db\/plugins/boardmanager/
2023-11-15 05:13:02,924 [INFO] ApiDb:261 - Set plugin images path to: C:\ST\STM32CubeIDE_1.13.2\STM32CubeIDE\plugins\com.st.stm32cube.common.mx_6.9.2.202309101412\\db\/plugins/mcufinder/images/
2023-11-15 05:13:02,925 [WARN] DbFile:41 - Overriding database path with different value: C:\Users\Korisnik\.stmcufinder\plugins\mcufinder/ => C:\Users\Korisnik\.stmcufinder\plugins\mcufinder
2023-11-15 05:13:02,925 [INFO] ApiDb:250 - Set database path to: C:\Users\Korisnik\.stmcufinder\plugins\mcufinder//mcu/
2023-11-15 05:13:02,925 [WARN] DbFile:41 - Overriding database path with different value: C:\Users\Korisnik\.stmcufinder\plugins\mcufinder/ => C:\Users\Korisnik\.stmcufinder\plugins\mcufinder
2023-11-15 05:13:02,925 [INFO] DbMcusAds:125 - Set database path to: C:\Users\Korisnik\.stmcufinder\plugins\mcufinder//mcu/
2023-11-15 05:13:02,925 [WARN] DbFile:41 - Overriding database path with different value: C:\Users\Korisnik\.stmcufinder\plugins\mcufinder/ => C:\Users\Korisnik\.stmcufinder\plugins\mcufinder
2023-11-15 05:13:02,925 [WARN] DbFile:41 - Overriding database path with different value: C:\Users\Korisnik\.stmcufinder\plugins\mcufinder/ => C:\Users\Korisnik\.stmcufinder\plugins\mcufinder
2023-11-15 05:13:02,925 [INFO] CrossReferenceDbSqlite:203 - Set database path to: C:\Users\Korisnik\.stmcufinder\plugins\mcufinder//mcu/cs/
2023-11-15 05:13:02,942 [INFO] ApplicationProperties:184 - Using Application install path: C:\ST\STM32CubeIDE_1.13.2\STM32CubeIDE\plugins\com.st.stm32cube.common.mx_6.9.2.202309101412
2023-11-15 05:13:02,943 [INFO] PluginManage:196 - Search for loadable plugins [exclusion list=, ]
2023-11-15 05:13:02,945 [INFO] PluginManage:310 - Check plugin analytics
2023-11-15 05:13:03,104 [INFO] AnalyticsPlugin:253 - Accepted Software Licenses: 
2023-11-15 05:13:03,104 [INFO] AnalyticsPlugin:255 - Accepted CMSIS Pack Licenses: 
2023-11-15 05:13:03,104 [INFO] AnalyticsPlugin:257 - Accepted Firmware Licenses: 
2023-11-15 05:13:03,106 [INFO] PluginManage:359 - Loaded plugin analytics (category:tool,tabindex:-1)
2023-11-15 05:13:03,107 [INFO] PluginManage:310 - Check plugin cadmodel
2023-11-15 05:13:03,120 [INFO] CADModel:105 - Init CAD model plugin
2023-11-15 05:13:03,120 [INFO] PluginManage:359 - Loaded plugin cadmodel (category:power,tabindex:5)
2023-11-15 05:13:03,120 [INFO] PluginManage:310 - Check plugin clock
2023-11-15 05:13:03,138 [INFO] PluginManage:359 - Loaded plugin clock (category:base,tabindex:2)
2023-11-15 05:13:03,138 [INFO] PluginManage:310 - Check plugin ddr
2023-11-15 05:13:03,141 [INFO] PluginManage:359 - Loaded plugin ddr (category:tool,tabindex:6)
2023-11-15 05:13:03,141 [INFO] PluginManage:310 - Check plugin filemanager
2023-11-15 05:13:03,276 [INFO] PluginManage:359 - Loaded plugin filemanager (category:base,tabindex:10)
2023-11-15 05:13:03,276 [INFO] PluginManage:310 - Check plugin ipmanager
2023-11-15 05:13:03,283 [INFO] PluginManage:359 - Loaded plugin ipmanager (category:base,tabindex:5)
2023-11-15 05:13:03,284 [INFO] PluginManage:310 - Check plugin lpbam
2023-11-15 05:13:03,297 [INFO] PluginManage:359 - Loaded plugin lpbam (category:base,tabindex:0)
2023-11-15 05:13:03,297 [INFO] PluginManage:310 - Check plugin memorymap
2023-11-15 05:13:03,318 [INFO] PluginManage:359 - Loaded plugin memorymap (category:base,tabindex:4)
2023-11-15 05:13:03,318 [INFO] PluginManage:310 - Check plugin pinoutandconfiguration
2023-11-15 05:13:03,331 [INFO] PluginManage:359 - Loaded plugin pinoutandconfiguration (category:base,tabindex:1)
2023-11-15 05:13:03,331 [INFO] PluginManage:310 - Check plugin pinoutconfig
2023-11-15 05:13:03,412 [WARN] SupportedApi:132 - Cannot load RTOS API schema: s4s-elt-must-match.1: The content of 'definitions' must match (annotation?, (simpleType | complexType)?, (unique | key | keyref)*)). A problem was found starting at: attribute.
2023-11-15 05:13:03,523 [INFO] PluginManage:359 - Loaded plugin pinoutconfig (category:base,tabindex:0)
2023-11-15 05:13:03,523 [INFO] PluginManage:310 - Check plugin power
2023-11-15 05:13:03,540 [INFO] PluginManage:359 - Loaded plugin power (category:power,tabindex:4)
2023-11-15 05:13:03,540 [INFO] PluginManage:310 - Check plugin projectmanager
2023-11-15 05:13:03,552 [INFO] PluginManage:359 - Loaded plugin projectmanager (category:projectmanager,tabindex:3)
2023-11-15 05:13:03,552 [INFO] PluginManage:310 - Check plugin thirdparty
2023-11-15 05:13:03,777 [INFO] PluginManage:359 - Loaded plugin thirdparty (category:base,tabindex:-1)
2023-11-15 05:13:03,777 [WARN] IntegrityCheckThread:84 - waiting for thirdparty lock release [integrity check]
2023-11-15 05:13:03,777 [INFO] PluginManage:310 - Check plugin tools
2023-11-15 05:13:03,777 [INFO] IntegrityCheckThread:86 - entering critical section [integrity check]
2023-11-15 05:13:03,777 [INFO] ThirdPartyUpdaterWithRetryManager:70 - Updater plugin not ready yet. [1/15]
2023-11-15 05:13:03,802 [INFO] PluginManage:359 - Loaded plugin tools (category:base,tabindex:7)
2023-11-15 05:13:03,803 [INFO] PluginManage:310 - Check plugin tutovideos
2023-11-15 05:13:03,960 [INFO] PluginManage:359 - Loaded plugin tutovideos (category:base,tabindex:-1)
2023-11-15 05:13:03,960 [INFO] PluginManage:310 - Check plugin updater
2023-11-15 05:13:03,969 [INFO] PluginManage:359 - Loaded plugin updater (category:base,tabindex:12)
2023-11-15 05:13:03,970 [INFO] PluginManage:310 - Check plugin userauth
2023-11-15 05:13:03,974 [INFO] UserAuth:113 - Init User Auth plugin
2023-11-15 05:13:03,974 [INFO] PluginManage:359 - Loaded plugin userauth (category:base,tabindex:14)
2023-11-15 05:13:03,975 [INFO] PluginManage:283 - PluginManage : Loaded plugins [17]
2023-11-15 05:13:04,165 [INFO] PinOutPanel:1499 - setPackage(No Configuration,No Configuration)
2023-11-15 05:13:04,256 [INFO] CADModel:165 - CPN selected for project level
2023-11-15 05:13:04,257 [INFO] CADModel:114 - Register for checkConnection events
2023-11-15 05:13:04,279 [INFO] IPUIPlugin:80 - create IPUIPlugin
2023-11-15 05:13:04,279 [INFO] PluginManager:220 - loadIPPluginJar : add adc
2023-11-15 05:13:04,304 [INFO] IPUIPlugin:80 - create IPUIPlugin
2023-11-15 05:13:04,304 [INFO] PluginManager:220 - loadIPPluginJar : add aes
2023-11-15 05:13:04,332 [INFO] IPUIPlugin:80 - create IPUIPlugin
2023-11-15 05:13:04,332 [INFO] PluginManager:220 - loadIPPluginJar : add can
2023-11-15 05:13:04,348 [INFO] IPUIPlugin:80 - create IPUIPlugin
2023-11-15 05:13:04,348 [INFO] PluginManager:220 - loadIPPluginJar : add comp
2023-11-15 05:13:04,371 [INFO] IPUIPlugin:80 - create IPUIPlugin
2023-11-15 05:13:04,372 [INFO] PluginManager:220 - loadIPPluginJar : add cryp
2023-11-15 05:13:04,394 [INFO] IPUIPlugin:80 - create IPUIPlugin
2023-11-15 05:13:04,394 [INFO] PluginManager:220 - loadIPPluginJar : add dfsdm
2023-11-15 05:13:04,404 [INFO] IPUIPlugin:80 - create IPUIPlugin
2023-11-15 05:13:04,405 [INFO] PluginManager:220 - loadIPPluginJar : add dma
2023-11-15 05:13:04,434 [INFO] IPUIPlugin:80 - create IPUIPlugin
2023-11-15 05:13:04,434 [INFO] PluginManager:220 - loadIPPluginJar : add dma3
2023-11-15 05:13:04,449 [INFO] IPUIPlugin:80 - create IPUIPlugin
2023-11-15 05:13:04,449 [INFO] PluginManager:220 - loadIPPluginJar : add fatfs
2023-11-15 05:13:04,488 [INFO] IPUIPlugin:80 - create IPUIPlugin
2023-11-15 05:13:04,488 [INFO] PluginManager:220 - loadIPPluginJar : add fmc
2023-11-15 05:13:04,501 [INFO] IPUIPlugin:80 - create IPUIPlugin
2023-11-15 05:13:04,501 [INFO] PluginManager:220 - loadIPPluginJar : add freertos
2023-11-15 05:13:04,516 [INFO] IPUIPlugin:80 - create IPUIPlugin
2023-11-15 05:13:04,516 [INFO] PluginManager:220 - loadIPPluginJar : add genericplugin
2023-11-15 05:13:04,577 [INFO] IPUIPlugin:80 - create IPUIPlugin
2023-11-15 05:13:04,577 [INFO] PluginManager:220 - loadIPPluginJar : add gfxmmu
2023-11-15 05:13:04,664 [INFO] IPUIPlugin:80 - create IPUIPlugin
2023-11-15 05:13:04,664 [INFO] PluginManager:220 - loadIPPluginJar : add gic
2023-11-15 05:13:04,677 [INFO] IPUIPlugin:80 - create IPUIPlugin
2023-11-15 05:13:04,677 [INFO] PluginManager:220 - loadIPPluginJar : add gpio
2023-11-15 05:13:04,740 [INFO] IPUIPlugin:80 - create IPUIPlugin
2023-11-15 05:13:04,740 [INFO] PluginManager:220 - loadIPPluginJar : add gtzc
2023-11-15 05:13:04,762 [INFO] IPUIPlugin:80 - create IPUIPlugin
2023-11-15 05:13:04,762 [INFO] PluginManager:220 - loadIPPluginJar : add hash
2023-11-15 05:13:04,798 [INFO] IPUIPlugin:80 - create IPUIPlugin
2023-11-15 05:13:04,798 [INFO] PluginManager:220 - loadIPPluginJar : add i2c
2023-11-15 05:13:04,826 [INFO] IPUIPlugin:80 - create IPUIPlugin
2023-11-15 05:13:04,826 [INFO] PluginManager:220 - loadIPPluginJar : add i2s
2023-11-15 05:13:04,854 [INFO] IPUIPlugin:80 - create IPUIPlugin
2023-11-15 05:13:04,854 [INFO] PluginManager:220 - loadIPPluginJar : add i3c
2023-11-15 05:13:04,925 [INFO] IPUIPlugin:80 - create IPUIPlugin
2023-11-15 05:13:04,925 [INFO] PluginManager:220 - loadIPPluginJar : add ipddr
2023-11-15 05:13:04,990 [INFO] IPUIPlugin:80 - create IPUIPlugin
2023-11-15 05:13:04,990 [INFO] PluginManager:220 - loadIPPluginJar : add linkedlist
2023-11-15 05:13:05,015 [INFO] IPUIPlugin:80 - create IPUIPlugin
2023-11-15 05:13:05,015 [INFO] PluginManager:220 - loadIPPluginJar : add lorawan
2023-11-15 05:13:05,039 [INFO] IPUIPlugin:80 - create IPUIPlugin
2023-11-15 05:13:05,040 [INFO] PluginManager:220 - loadIPPluginJar : add ltdc
2023-11-15 05:13:05,052 [INFO] IPUIPlugin:80 - create IPUIPlugin
2023-11-15 05:13:05,052 [INFO] PluginManager:220 - loadIPPluginJar : add mdma
2023-11-15 05:13:05,062 [INFO] IPUIPlugin:80 - create IPUIPlugin
2023-11-15 05:13:05,062 [INFO] PluginManager:220 - loadIPPluginJar : add nvic
2023-11-15 05:13:05,087 [INFO] IPUIPlugin:80 - create IPUIPlugin
2023-11-15 05:13:05,087 [INFO] PluginManager:220 - loadIPPluginJar : add opamp
2023-11-15 05:13:05,129 [INFO] IPUIPlugin:80 - create IPUIPlugin
2023-11-15 05:13:05,129 [INFO] PluginManager:220 - loadIPPluginJar : add openamp
2023-11-15 05:13:05,159 [INFO] IPUIPlugin:80 - create IPUIPlugin
2023-11-15 05:13:05,159 [INFO] PluginManager:220 - loadIPPluginJar : add pdm2pcm
2023-11-15 05:13:05,170 [INFO] IPUIPlugin:80 - create IPUIPlugin
2023-11-15 05:13:05,171 [INFO] PluginManager:220 - loadIPPluginJar : add plateformsettings
2023-11-15 05:13:05,187 [INFO] IPUIPlugin:80 - create IPUIPlugin
2023-11-15 05:13:05,187 [INFO] PluginManager:220 - loadIPPluginJar : add quadspi
2023-11-15 05:13:05,196 [INFO] IPUIPlugin:80 - create IPUIPlugin
2023-11-15 05:13:05,196 [INFO] PluginManager:220 - loadIPPluginJar : add resmgrutility
2023-11-15 05:13:05,231 [INFO] IPUIPlugin:80 - create IPUIPlugin
2023-11-15 05:13:05,232 [INFO] PluginManager:220 - loadIPPluginJar : add sai
2023-11-15 05:13:05,257 [INFO] IPUIPlugin:80 - create IPUIPlugin
2023-11-15 05:13:05,258 [INFO] PluginManager:220 - loadIPPluginJar : add spi
2023-11-15 05:13:05,298 [INFO] IPUIPlugin:80 - create IPUIPlugin
2023-11-15 05:13:05,298 [INFO] PluginManager:220 - loadIPPluginJar : add stm32_wpan
2023-11-15 05:13:05,315 [INFO] IPUIPlugin:80 - create IPUIPlugin
2023-11-15 05:13:05,315 [INFO] PluginManager:220 - loadIPPluginJar : add tim
2023-11-15 05:13:05,354 [INFO] IPUIPlugin:80 - create IPUIPlugin
2023-11-15 05:13:05,354 [INFO] PluginManager:220 - loadIPPluginJar : add touchsensing
2023-11-15 05:13:05,370 [INFO] IPUIPlugin:80 - create IPUIPlugin
2023-11-15 05:13:05,370 [INFO] PluginManager:220 - loadIPPluginJar : add tracer_emb
2023-11-15 05:13:05,388 [INFO] IPUIPlugin:80 - create IPUIPlugin
2023-11-15 05:13:05,388 [INFO] PluginManager:220 - loadIPPluginJar : add ts
2023-11-15 05:13:05,403 [INFO] IPUIPlugin:80 - create IPUIPlugin
2023-11-15 05:13:05,403 [INFO] PluginManager:220 - loadIPPluginJar : add tsc
2023-11-15 05:13:05,419 [INFO] IPUIPlugin:80 - create IPUIPlugin
2023-11-15 05:13:05,420 [INFO] PluginManager:220 - loadIPPluginJar : add ucpd
2023-11-15 05:13:05,451 [INFO] IPUIPlugin:80 - create IPUIPlugin
2023-11-15 05:13:05,451 [INFO] PluginManager:220 - loadIPPluginJar : add usart
2023-11-15 05:13:05,482 [INFO] IPUIPlugin:80 - create IPUIPlugin
2023-11-15 05:13:05,482 [INFO] PluginManager:220 - loadIPPluginJar : add usbx
2023-11-15 05:13:05,594 [INFO] CADModel:165 - CPN selected for project level
2023-11-15 05:13:05,594 [INFO] CADModel:114 - Register for checkConnection events
2023-11-15 05:13:05,594 [FATAL] Updater:308 - Updater called before beeing initialized
2023-11-15 05:13:05,594 [ERROR] CADModel:125 - Updater not yet initialized, retry later 
2023-11-15 05:13:05,731 [INFO] CADModel:165 - CPN selected for project level
2023-11-15 05:13:05,731 [INFO] CADModel:114 - Register for checkConnection events
2023-11-15 05:13:05,731 [FATAL] Updater:308 - Updater called before beeing initialized
2023-11-15 05:13:05,731 [ERROR] CADModel:125 - Updater not yet initialized, retry later 
2023-11-15 05:13:05,735 [FATAL] Updater:308 - Updater called before beeing initialized
2023-11-15 05:13:05,814 [FATAL] Updater:308 - Updater called before beeing initialized
2023-11-15 05:13:05,824 [INFO] DbMcusAds:53 - JSON generation date=Tue Mar 07 09:50:55 CET 2023 (1678179055335)
2023-11-15 05:13:05,824 [FATAL] Updater:308 - Updater called before beeing initialized
2023-11-15 05:13:05,884 [WARN] DetailPanel:346 - Failed to get advertising image, set to default
2023-11-15 05:13:05,947 [FATAL] Updater:308 - Updater called before beeing initialized
2023-11-15 05:13:05,949 [FATAL] Updater:308 - Updater called before beeing initialized
2023-11-15 05:13:05,949 [FATAL] Updater:308 - Updater called before beeing initialized
2023-11-15 05:13:05,949 [WARN] DetailPanel:346 - Failed to get advertising image, set to default
2023-11-15 05:13:05,950 [FATAL] Updater:308 - Updater called before beeing initialized
2023-11-15 05:13:05,995 [ERROR] Updater:1120 - MainUpdater not yet initialized. External WinMGr cannot be set.
2023-11-15 05:13:06,004 [INFO] Updater:1056 - Updater Version found : 6.9.2
2023-11-15 05:13:06,023 [INFO] ApplicationProperties:184 - Using Application install path: C:\ST\STM32CubeIDE_1.13.2\STM32CubeIDE\plugins\com.st.stm32cube.common.mx_6.9.2.202309101412
2023-11-15 05:13:06,313 [INFO] MainUpdater:2868 - connection check result : 10
2023-11-15 05:13:06,313 [INFO] MainUpdater:3562 - Updater definition file requires update
2023-11-15 05:13:06,314 [INFO] MainUpdater:285 - Updater Check For Update Now.
2023-11-15 05:13:06,314 [INFO] MicroXplorer:498 - Change Database Version : DB.6.0.92
2023-11-15 05:13:06,328 [INFO] McuFinderGlobals:63 - Set McuFinder mode to 2 (CubeIDE integrated)
2023-11-15 05:13:06,453 [INFO] ServerAccessManage:473 - Download File updaters.zip
2023-11-15 05:13:06,648 [INFO] FileExtend:240 - Unzip File : updaters.zip
2023-11-15 05:13:06,649 [INFO] FileExtend:255 - Standard Zip Deflate
2023-11-15 05:13:06,779 [WARN] MainUpdater:1189 - Updater busy. Cannot search thirdparties
2023-11-15 05:13:06,780 [INFO] ThirdPartyUpdaterWithRetryManager:96 - Updater plugin is busy. [1/15]
2023-11-15 05:13:07,253 [INFO] ServerAccessManage:473 - Download File PacksControlFlags.xml
2023-11-15 05:13:07,425 [INFO] ServerAccessManage:473 - Download File cubemx.pidx
2023-11-15 05:13:07,527 [INFO] LoadServerUpdatesThread:373 - End of LoadServerUpdate Thread
2023-11-15 05:13:07,678 [INFO] CheckServerUpdateThread:120 - End of CheckServer Thread
2023-11-15 05:13:09,926 [WARN] PackLoader:240 - Cannot read IP mode file for STMicroelectronics.X-CUBE-SMBUS.2.1.0
2023-11-15 05:13:09,972 [WARN] PackLoader:240 - Cannot read IP mode file for STMicroelectronics.X-CUBE-AZRTOS-F7.1.1.0
2023-11-15 05:13:09,990 [WARN] PackLoader:240 - Cannot read IP mode file for STMicroelectronics.FP-SNS-MOTENV1.4.3.2
2023-11-15 05:13:10,004 [WARN] PackLoader:240 - Cannot read IP mode file for STMicroelectronics.FP-SNS-FLIGHT1.5.0.2
2023-11-15 05:13:10,019 [WARN] PackLoader:240 - Cannot read IP mode file for STMicroelectronics.X-CUBE-DISPLAY.3.0.0
2023-11-15 05:13:10,038 [WARN] PackLoader:240 - Cannot read IP mode file for STMicroelectronics.X-CUBE-BLE1.7.0.0
2023-11-15 05:13:10,051 [WARN] PackLoader:240 - Cannot read IP mode file for emotas.I-CUBE-CANOPEN.1.3.0
2023-11-15 05:13:10,063 [WARN] PackLoader:240 - Cannot read IP mode file for STMicroelectronics.X-CUBE-TOUCHGFX.4.22.1
2023-11-15 05:13:10,072 [WARN] PackLoader:240 - Cannot read IP mode file for STMicroelectronics.FP-SNS-SMARTAG2.1.2.0
2023-11-15 05:13:10,088 [INFO] LogOutputStream:77 - [STDOUT_REDIRECT] 1 : Invalid condition id : UX_CORESTACK_Condition cause : null
2023-11-15 05:13:10,088 [INFO] LogOutputStream:77 - [STDOUT_REDIRECT] 1 : Invalid condition id : UX_CORESTACK_Condition cause : null
2023-11-15 05:13:10,089 [INFO] LogOutputStream:77 - [STDOUT_REDIRECT] 1 : Invalid condition id : UX_CORESTACK_Condition cause : null
2023-11-15 05:13:10,090 [INFO] LogOutputStream:77 - [STDOUT_REDIRECT] 1 : Invalid condition id : UX_CORESTACK_Condition cause : null
2023-11-15 05:13:10,090 [INFO] LogOutputStream:77 - [STDOUT_REDIRECT] 1 : Invalid condition id : UX_CORESTACK_Condition cause : null
2023-11-15 05:13:10,093 [WARN] PackLoader:240 - Cannot read IP mode file for STMicroelectronics.X-CUBE-AZRTOS-WL.2.0.0
2023-11-15 05:13:10,105 [WARN] PackLoader:240 - Cannot read IP mode file for WES.I-CUBE-Cesium.1.3.0
2023-11-15 05:13:10,115 [WARN] PackLoader:240 - Cannot read IP mode file for STMicroelectronics.X-CUBE-BLE2.3.3.0
2023-11-15 05:13:10,126 [WARN] PackLoader:240 - Cannot read IP mode file for STMicroelectronics.X-CUBE-ALGOBUILD.1.3.0
2023-11-15 05:13:10,149 [WARN] PackLoader:240 - Cannot read IP mode file for STMicroelectronics.X-CUBE-AZRTOS-G0.1.1.0
2023-11-15 05:13:10,163 [WARN] PackLoader:240 - Cannot read IP mode file for STMicroelectronics.X-CUBE-NFC4.3.0.0
2023-11-15 05:13:10,181 [WARN] PackLoader:240 - Cannot read IP mode file for STMicroelectronics.X-CUBE-BLEMGR.3.0.0
2023-11-15 05:13:10,195 [WARN] PackLoader:240 - Cannot read IP mode file for STMicroelectronics.FP-ATR-SIGFOX1.3.2.0
2023-11-15 05:13:10,232 [WARN] PackLoader:240 - Cannot read IP mode file for SEGGER.I-CUBE-embOS.1.3.1
2023-11-15 05:13:10,282 [WARN] PackLoader:240 - Cannot read IP mode file for STMicroelectronics.X-CUBE-GNSS1.6.0.0
2023-11-15 05:13:10,310 [WARN] PackLoader:240 - Cannot read IP mode file for STMicroelectronics.X-CUBE-AZRTOS-F4.1.1.0
2023-11-15 05:13:10,325 [WARN] PackLoader:240 - Cannot read IP mode file for wolfSSL.I-CUBE-wolfSSL.5.6.3
2023-11-15 05:13:10,350 [WARN] PackLoader:240 - Cannot read IP mode file for STMicroelectronics.X-CUBE-AZRTOS-L5.2.0.0
2023-11-15 05:13:10,364 [WARN] PackLoader:240 - Cannot read IP mode file for STMicroelectronics.X-CUBE-EEPRMA1.4.2.0
2023-11-15 05:13:10,376 [WARN] PackLoader:240 - Cannot read IP mode file for ITTIA_DB.I-CUBE-ITTIADB.8.8.0
2023-11-15 05:13:10,388 [WARN] PackLoader:240 - Cannot read IP mode file for STMicroelectronics.X-CUBE-BLEMGR.2.0.0
2023-11-15 05:13:10,419 [WARN] ConditionMgr:438 - getConditionDescription Invalid condition id : UX DEVICE CLASS RTOS Condition cause : null
2023-11-15 05:13:10,420 [WARN] ConditionMgr:438 - getConditionDescription Invalid condition id : UX DEVICE CLASS RTOS Condition cause : null
2023-11-15 05:13:10,423 [WARN] PackLoader:240 - Cannot read IP mode file for STMicroelectronics.X-CUBE-AZRTOS-H7.3.1.0
2023-11-15 05:13:10,425 [WARN] ConditionMgr:1039 - genDependencies : Invalid condition id : UX DEVICE CLASS RTOS Condition cause : null
2023-11-15 05:13:10,425 [WARN] ConditionMgr:1039 - genDependencies : Invalid condition id : UX DEVICE CLASS RTOS Condition cause : null
2023-11-15 05:13:10,426 [WARN] ConditionMgr:1039 - genDependencies : Invalid condition id : UX DEVICE CLASS RTOS Condition cause : null
2023-11-15 05:13:10,426 [WARN] ConditionMgr:1039 - genDependencies : Invalid condition id : UX DEVICE CLASS RTOS Condition cause : null
2023-11-15 05:13:10,426 [WARN] ConditionMgr:1039 - genDependencies : Invalid condition id : UX DEVICE CLASS RTOS Condition cause : null
2023-11-15 05:13:10,438 [WARN] PackLoader:240 - Cannot read IP mode file for STMicroelectronics.X-CUBE-NFC7.1.0.1
2023-11-15 05:13:10,452 [WARN] PackLoader:240 - Cannot read IP mode file for STMicroelectronics.X-CUBE-NFC6.3.0.0
2023-11-15 05:13:10,465 [WARN] PackLoader:240 - Cannot read IP mode file for STMicroelectronics.X-CUBE-EEPRMA1.4.1.0
2023-11-15 05:13:10,477 [WARN] PackLoader:240 - Cannot read IP mode file for STMicroelectronics.X-CUBE-AI.8.1.0
2023-11-15 05:13:10,510 [WARN] ConditionMgr:438 - getConditionDescription Invalid condition id : LAN8742 Phy interface Condition cause : null
2023-11-15 05:13:10,511 [WARN] PackLoader:240 - Cannot read IP mode file for STMicroelectronics.X-CUBE-AZRTOS-L4.2.0.0
2023-11-15 05:13:10,513 [WARN] ConditionMgr:1039 - genDependencies : Invalid condition id : LAN8742 Phy interface Condition cause : null
2023-11-15 05:13:10,513 [WARN] ConditionMgr:1039 - genDependencies : Invalid condition id : LAN8742 Phy interface Condition cause : null
2023-11-15 05:13:10,514 [WARN] ConditionMgr:1039 - genDependencies : Invalid condition id : LAN8742 Phy interface Condition cause : null
2023-11-15 05:13:10,533 [WARN] PackLoader:240 - Cannot read IP mode file for STMicroelectronics.X-CUBE-SFXS2LP1.4.0.0
2023-11-15 05:13:10,548 [WARN] PackLoader:240 - Cannot read IP mode file for STMicroelectronics.X-CUBE-ISPU.1.1.0
2023-11-15 05:13:10,570 [WARN] ConditionMgr:438 - getConditionDescription Invalid condition id : UX DEVICE CLASS RTOS Condition cause : null
2023-11-15 05:13:10,571 [WARN] ConditionMgr:438 - getConditionDescription Invalid condition id : UX DEVICE CLASS RTOS Condition cause : null
2023-11-15 05:13:10,573 [WARN] PackLoader:240 - Cannot read IP mode file for STMicroelectronics.X-CUBE-AZRTOS-WB.2.0.0
2023-11-15 05:13:10,574 [WARN] ConditionMgr:1039 - genDependencies : Invalid condition id : UX DEVICE CLASS RTOS Condition cause : null
2023-11-15 05:13:10,574 [WARN] ConditionMgr:1039 - genDependencies : Invalid condition id : UX DEVICE CLASS RTOS Condition cause : null
2023-11-15 05:13:10,575 [WARN] ConditionMgr:1039 - genDependencies : Invalid condition id : UX DEVICE CLASS RTOS Condition cause : null
2023-11-15 05:13:10,575 [WARN] ConditionMgr:1039 - genDependencies : Invalid condition id : UX DEVICE CLASS RTOS Condition cause : null
2023-11-15 05:13:10,575 [WARN] ConditionMgr:1039 - genDependencies : Invalid condition id : UX DEVICE CLASS RTOS Condition cause : null
2023-11-15 05:13:10,597 [WARN] PackLoader:240 - Cannot read IP mode file for STMicroelectronics.X-CUBE-SUBG2.5.0.0
2023-11-15 05:13:10,619 [WARN] PackLoader:240 - Cannot read IP mode file for STMicroelectronics.X-CUBE-TOF1.3.3.1
2023-11-15 05:13:10,650 [WARN] PackLoader:240 - Cannot read IP mode file for STMicroelectronics.X-CUBE-AZRTOS-G4.2.0.0
2023-11-15 05:13:10,672 [WARN] PackLoader:240 - Cannot read IP mode file for Infineon.AIROC-Wi-Fi-Bluetooth-STM32.1.5.1
2023-11-15 05:13:10,683 [WARN] PackLoader:240 - Cannot read IP mode file for STMicroelectronics.FP-SNS-MOTENVWB1.1.3.0
2023-11-15 05:13:10,720 [WARN] PackLoader:240 - Cannot read IP mode file for STMicroelectronics.X-CUBE-MEMS1.10.0.0
2023-11-15 05:13:10,796 [WARN] PackLoader:240 - Cannot read IP mode file for STMicroelectronics.X-CUBE-FREERTOS.1.1.0
2023-11-15 05:13:10,808 [WARN] PackLoader:240 - Cannot read IP mode file for portGmbH.I-Cube-SoM-uGOAL.1.1.0
2023-11-15 05:13:10,818 [WARN] PackLoader:240 - Cannot read IP mode file for STMicroelectronics.X-CUBE-ALS.1.0.1
2023-11-15 05:13:10,827 [WARN] PackLoader:240 - Cannot read IP mode file for STMicroelectronics.FP-ATR-ASTRA1.2.0.0
2023-11-15 05:13:10,828 [INFO] ThirdParty:978 - Integrity check success = true
2023-11-15 05:13:10,828 [INFO] IntegrityCheckThread:100 - exiting critical section [integrity check]
2023-11-15 05:13:10,828 [INFO] IntegrityCheckThread:103 - End integrity checks thread
2023-11-15 05:13:27,543 [ERROR] LogOutputStream:75 - [STDERR_REDIRECT] SLF4J: Failed to load class "org.slf4j.impl.StaticLoggerBinder".
2023-11-15 05:13:27,544 [ERROR] LogOutputStream:75 - [STDERR_REDIRECT] SLF4J: Defaulting to no-operation (NOP) logger implementation
2023-11-15 05:13:27,544 [ERROR] LogOutputStream:75 - [STDERR_REDIRECT] SLF4J: See http://www.slf4j.org/codes.html#StaticLoggerBinder for further details.
